android/app/build/intermediates/manifest_merge_blame_file/debug/manifest-merger-blame-debug-report.txt
1<?xml version="1.0" encoding="utf-8"?>
2<manifest xmlns:android="http://schemas.android.com/apk/res/android"
3    package="com.awesomeproject"
4    android:versionCode="1"
5    android:versionName="1.0" >
6
7    <uses-sdk
8        android:minSdkVersion="16"
9        android:targetSdkVersion="29" />
10
11    <uses-permission android:name="android.permission.SYSTEM_ALERT_WINDOW" />
11-->src\debug\AndroidManifest.xml:5:5-77
11-->src\debug\AndroidManifest.xml:5:22-75
12    <uses-permission android:name="android.permission.INTERNET" />
12-->src\main\AndroidManifest.xml:4:5-67
12-->src\main\AndroidManifest.xml:4:22-64
13    <uses-permission android:name="android.permission.WRITE_EXTERNAL_STORAGE" />
13-->src\main\AndroidManifest.xml:5:5-80
13-->src\main\AndroidManifest.xml:5:22-78
14    <uses-permission android:name="android.permission.READ_EXTERNAL_STORAGE" />
14-->src\main\AndroidManifest.xml:6:1-75
14-->src\main\AndroidManifest.xml:6:18-73
15    <uses-permission android:name="android.permission.ACCESS_WIFI_STATE" /> <!-- Required to access Google Play Licensing -->
15-->[com.facebook.flipper:flipper:0.54.0] AndroidManifest.xml:16:5-76
15-->[com.facebook.flipper:flipper:0.54.0] AndroidManifest.xml:16:22-73
16    <uses-permission android:name="com.android.vending.CHECK_LICENSE" />
16-->[:rn-fetch-blob] AndroidManifest.xml:12:5-73
16-->[:rn-fetch-blob] AndroidManifest.xml:12:22-70
17    <!--
18         Required to keep CPU alive while downloading files
19        (NOT to keep screen awake)
20    -->
21    <uses-permission android:name="android.permission.WAKE_LOCK" />
21-->[:rn-fetch-blob] AndroidManifest.xml:21:5-68
21-->[:rn-fetch-blob] AndroidManifest.xml:21:22-65
22    <!--
23         Required to poll the state of the network connection
24        and respond to changes
25    -->
26    <uses-permission android:name="android.permission.ACCESS_NETWORK_STATE" />
26-->[:rn-fetch-blob] AndroidManifest.xml:27:5-79
26-->[:rn-fetch-blob] AndroidManifest.xml:27:22-76
27
28    <application
28-->src\main\AndroidManifest.xml:8:5-27:19
29        android:name="com.awesomeproject.MainApplication"
29-->src\main\AndroidManifest.xml:9:7-38
30        android:allowBackup="false"
30-->src\main\AndroidManifest.xml:13:7-34
31        android:appComponentFactory="androidx.core.app.CoreComponentFactory"
31-->[androidx.core:core:1.3.1] AndroidManifest.xml:24:18-86
32        android:debuggable="true"
33        android:icon="@mipmap/ic_launcher"
33-->src\main\AndroidManifest.xml:11:7-41
34        android:label="@string/app_name"
34-->src\main\AndroidManifest.xml:10:7-39
35        android:roundIcon="@mipmap/ic_launcher_round"
35-->src\main\AndroidManifest.xml:12:7-52
36        android:theme="@style/AppTheme"
36-->src\main\AndroidManifest.xml:14:7-38
37        android:usesCleartextTraffic="true" >
37-->src\debug\AndroidManifest.xml:7:18-53
38        <activity
38-->src\main\AndroidManifest.xml:15:7-25:18
39            android:name="com.awesomeproject.MainActivity"
39-->src\main\AndroidManifest.xml:16:9-37
40            android:configChanges="keyboard|keyboardHidden|orientation|screenSize|uiMode"
40-->src\main\AndroidManifest.xml:18:9-86
41            android:label="@string/app_name"
41-->src\main\AndroidManifest.xml:17:9-41
42            android:launchMode="singleTask"
42-->src\main\AndroidManifest.xml:19:9-40
43            android:windowSoftInputMode="adjustResize" >
43-->src\main\AndroidManifest.xml:20:9-51
44            <intent-filter>
44-->src\main\AndroidManifest.xml:21:9-24:25
45                <action android:name="android.intent.action.MAIN" />
45-->src\main\AndroidManifest.xml:22:13-65
45-->src\main\AndroidManifest.xml:22:21-62
46
47                <category android:name="android.intent.category.LAUNCHER" />
47-->src\main\AndroidManifest.xml:23:13-73
47-->src\main\AndroidManifest.xml:23:23-70
48            </intent-filter>
49        </activity>
50        <activity android:name="com.facebook.react.devsupport.DevSettingsActivity" />
50-->src\main\AndroidManifest.xml:26:7-84
50-->src\main\AndroidManifest.xml:26:17-81
51
52        <provider
52-->[:rn-fetch-blob] AndroidManifest.xml:36:9-44:20
53            android:name="com.RNFetchBlob.Utils.FileProvider"
53-->[:rn-fetch-blob] AndroidManifest.xml:37:13-62
54            android:authorities="com.awesomeproject.provider"
54-->[:rn-fetch-blob] AndroidManifest.xml:38:13-60
55            android:exported="false"
55-->[:rn-fetch-blob] AndroidManifest.xml:39:13-37
56            android:grantUriPermissions="true" >
56-->[:rn-fetch-blob] AndroidManifest.xml:40:13-47
57            <meta-data
57-->[:rn-fetch-blob] AndroidManifest.xml:41:13-43:58
58                android:name="android.support.FILE_PROVIDER_PATHS"
58-->[:rn-fetch-blob] AndroidManifest.xml:42:17-67
59                android:resource="@xml/provider_paths" />
59-->[:rn-fetch-blob] AndroidManifest.xml:43:17-55
60        </provider>
61    </application>
62
63</manifest>